"../../../Engine/Content/Functions/Engine_MaterialFunctions01/Shading/PowerToRoughness.uasset" 0
"../../../Engine/Content/Functions/Engine_MaterialFunctions01/Shading/PowerToRoughness.uexp" 1
"../../../Engine/Content/Functions/Engine_MaterialFunctions01/Shading/ConvertFromDiffSpec.uasset" 2
"../../../Engine/Content/Functions/Engine_MaterialFunctions01/Shading/ConvertFromDiffSpec.uexp" 3
"../../../Engine/Content/EngineSky/VolumetricClouds/CloudWeatherTexture.uasset" 4
"../../../Engine/Content/EngineSky/VolumetricClouds/CloudWeatherTexture.uexp" 5
"../../../Engine/Content/Functions/Engine_MaterialFunctions02/Utility/MakeFloat2.uasset" 6
"../../../Engine/Content/Functions/Engine_MaterialFunctions02/Utility/MakeFloat2.uexp" 7
"../../../Engine/Content/EngineSky/VolumetricClouds/CloudGradientTexture.uasset" 8
"../../../Engine/Content/EngineSky/VolumetricClouds/CloudGradientTexture.uexp" 9
"../../../Engine/Content/EngineSky/VolumetricClouds/T_NoiseShape64.ubulk" 10
"../../../Engine/Content/EngineSky/VolumetricClouds/T_NoiseShape64.uasset" 11
"../../../Engine/Content/EngineSky/VolumetricClouds/T_NoiseShape64.uexp" 12
"../../../Engine/Content/EngineSky/VolumetricClouds/T_VolumeNoiseShape64.uasset" 13
"../../../Engine/Content/EngineSky/VolumetricClouds/T_VolumeNoiseShape64.uexp" 14
"../../../Engine/Content/EngineSky/VolumetricClouds/T_NoiseErosion.ubulk" 15
"../../../Engine/Content/EngineSky/VolumetricClouds/T_NoiseErosion.uasset" 16
"../../../Engine/Content/EngineSky/VolumetricClouds/T_NoiseErosion.uexp" 17
"../../../Engine/Content/EngineSky/VolumetricClouds/T_VolumeNoiseErosion32.uasset" 18
"../../../Engine/Content/EngineSky/VolumetricClouds/T_VolumeNoiseErosion32.uexp" 19
"../../../Engine/Content/EngineSky/VolumetricClouds/m_SimpleVolumetricCloud.uasset" 20
"../../../Engine/Content/EngineSky/VolumetricClouds/m_SimpleVolumetricCloud.uexp" 21
"../../../Engine/Content/EngineSky/VolumetricClouds/m_SimpleVolumetricCloud_Inst.uasset" 22
"../../../Engine/Content/EngineSky/VolumetricClouds/m_SimpleVolumetricCloud_Inst.uexp" 23
"../../../Engine/Content/EngineResources/GradientTexture0.uasset" 24
"../../../Engine/Content/EngineResources/GradientTexture0.uexp" 25
"../../../Engine/Content/EngineResources/DefaultVolumeTexture2D.uasset" 26
"../../../Engine/Content/EngineResources/DefaultVolumeTexture2D.uexp" 27
"../../../Engine/Content/EngineResources/DefaultVolumeTexture.uasset" 28
"../../../Engine/Content/EngineResources/DefaultVolumeTexture.uexp" 29
"../../../Engine/Content/EngineResources/DefaultTextureCube.uasset" 30
"../../../Engine/Content/EngineResources/DefaultTextureCube.uexp" 31
"../../../Engine/Content/EngineResources/DefaultTexture.ubulk" 32
"../../../Engine/Content/EngineResources/DefaultTexture.uasset" 33
"../../../Engine/Content/EngineResources/DefaultTexture.uexp" 34
"../../../Engine/Content/EngineResources/Black.uasset" 35
"../../../Engine/Content/EngineResources/Black.uexp" 36
"../../../Engine/Content/EngineResources/FilmGrains/Marcie_Grain_v3_128_M2_000.uasset" 37
"../../../Engine/Content/EngineResources/FilmGrains/Marcie_Grain_v3_128_M2_000.uexp" 38
"../../../Engine/Content/EngineMeshes/Sphere.ubulk" 39
"../../../Engine/Content/EngineMeshes/Sphere.uasset" 40
"../../../Engine/Content/EngineMeshes/Sphere.uexp" 41
"../../../Engine/Content/EngineResources/WhiteSquareTexture.uasset" 42
"../../../Engine/Content/EngineResources/WhiteSquareTexture.uexp" 43
"../../../Engine/Content/EngineMaterials/Widget3DPassThrough.uasset" 44
"../../../Engine/Content/EngineMaterials/Widget3DPassThrough.uexp" 45
"../../../Engine/Content/EngineMaterials/Widget3DPassThrough_Translucent.uasset" 46
"../../../Engine/Content/EngineMaterials/Widget3DPassThrough_Translucent.uexp" 47
"../../../Engine/Content/EngineMaterials/Widget3DPassThrough_Translucent_OneSided.uasset" 48
"../../../Engine/Content/EngineMaterials/Widget3DPassThrough_Translucent_OneSided.uexp" 49
"../../../Engine/Content/EngineMaterials/Widget3DPassThrough_Opaque.uasset" 50
"../../../Engine/Content/EngineMaterials/Widget3DPassThrough_Opaque.uexp" 51
"../../../Engine/Content/EngineMaterials/Widget3DPassThrough_Opaque_OneSided.uasset" 52
"../../../Engine/Content/EngineMaterials/Widget3DPassThrough_Opaque_OneSided.uexp" 53
"../../../Engine/Content/EngineMaterials/Widget3DPassThrough_Masked_OneSided.uasset" 54
"../../../Engine/Content/EngineMaterials/Widget3DPassThrough_Masked_OneSided.uexp" 55
"../../../Engine/Content/EngineMaterials/Widget3DPassThrough_Masked.uasset" 56
"../../../Engine/Content/EngineMaterials/Widget3DPassThrough_Masked.uexp" 57
"../../../Engine/Content/EngineMaterials/WeightMapPlaceholderTexture.uasset" 58
"../../../Engine/Content/EngineMaterials/WeightMapPlaceholderTexture.uexp" 59
"../../../Engine/Content/EngineMaterials/RemoveSurfaceMaterial.uasset" 60
"../../../Engine/Content/EngineMaterials/RemoveSurfaceMaterial.uexp" 61
"../../../Engine/Content/EngineMaterials/PreintegratedSkinBRDF.uasset" 62
"../../../Engine/Content/EngineMaterials/PreintegratedSkinBRDF.uexp" 63
"../../../Engine/Content/EngineMaterials/DefaultCalibrationGrayscale.uasset" 64
"../../../Engine/Content/EngineMaterials/DefaultCalibrationGrayscale.uexp" 65
"../../../Engine/Content/EngineMaterials/PPM_DefaultCalibrationGrayscale.uasset" 66
"../../../Engine/Content/EngineMaterials/PPM_DefaultCalibrationGrayscale.uexp" 67
"../../../Engine/Content/EngineMaterials/DefaultCalibrationColor.uasset" 68
"../../../Engine/Content/EngineMaterials/DefaultCalibrationColor.uexp" 69
"../../../Engine/Content/EngineMaterials/PPM_DefaultCalibrationColor.uasset" 70
"../../../Engine/Content/EngineMaterials/PPM_DefaultCalibrationColor.uexp" 71
"../../../Engine/Content/Functions/Engine_MaterialFunctions02/WorldPositionOffset/CameraOffset.uasset" 72
"../../../Engine/Content/Functions/Engine_MaterialFunctions02/WorldPositionOffset/CameraOffset.uexp" 73
"../../../Engine/Content/EngineMaterials/PhAT_JointLimitMaterial.uasset" 74
"../../../Engine/Content/EngineMaterials/PhAT_JointLimitMaterial.uexp" 75
"../../../Engine/Content/EngineMaterials/InvalidLightmapSettings.ubulk" 76
"../../../Engine/Content/EngineMaterials/InvalidLightmapSettings.uasset" 77
"../../../Engine/Content/EngineMaterials/InvalidLightmapSettings.uexp" 78
"../../../Engine/Content/EngineMaterials/M_InvalidLightmapSettings.uasset" 79
"../../../Engine/Content/EngineMaterials/M_InvalidLightmapSettings.uexp" 80
"../../../Engine/Content/EngineMaterials/MiniFont.uasset" 81
"../../../Engine/Content/EngineMaterials/MiniFont.uexp" 82
"../../../Engine/Content/EngineMaterials/Good64x64TilingNoiseHighFreq.uasset" 83
"../../../Engine/Content/EngineMaterials/Good64x64TilingNoiseHighFreq.uexp" 84
"../../../Engine/Content/EngineMaterials/GizmoMaterial.uasset" 85
"../../../Engine/Content/EngineMaterials/GizmoMaterial.uexp" 86
"../../../Engine/Content/EngineMaterials/BaseFlattenEmissiveMap_VT.uasset" 87
"../../../Engine/Content/EngineMaterials/BaseFlattenEmissiveMap_VT.uexp" 88
"../../../Engine/Content/EngineMaterials/BaseFlattenGrayscaleMap_VT.uasset" 89
"../../../Engine/Content/EngineMaterials/BaseFlattenGrayscaleMap_VT.uexp" 90
"../../../Engine/Content/EngineMaterials/BaseFlattenLinearColor_VT.uasset" 91
"../../../Engine/Content/EngineMaterials/BaseFlattenLinearColor_VT.uexp" 92
"../../../Engine/Content/EngineMaterials/Black_1x1_EXR_Texture_VT.uasset" 93
"../../../Engine/Content/EngineMaterials/Black_1x1_EXR_Texture_VT.uexp" 94
"../../../Engine/Content/EngineMaterials/BaseFlattenDiffuseMap_VT.uasset" 95
"../../../Engine/Content/EngineMaterials/BaseFlattenDiffuseMap_VT.uexp" 96
"../../../Engine/Content/EngineMaterials/BaseFlattenNormalMap_VT.uasset" 97
"../../../Engine/Content/EngineMaterials/BaseFlattenNormalMap_VT.uexp" 98
"../../../Engine/Content/EngineMaterials/FlattenMaterial_WS_Normal_VT.uasset" 99
"../../../Engine/Content/EngineMaterials/FlattenMaterial_WS_Normal_VT.uexp" 100
"../../../Engine/Content/EngineMaterials/FlattenMaterial_VT.uasset" 101
"../../../Engine/Content/EngineMaterials/FlattenMaterial_VT.uexp" 102
"../../../Engine/Content/EngineMaterials/BaseFlattenNormalMap.uasset" 103
"../../../Engine/Content/EngineMaterials/BaseFlattenNormalMap.uexp" 104
"../../../Engine/Content/EngineMaterials/BaseFlattenGrayscaleMap.uasset" 105
"../../../Engine/Content/EngineMaterials/BaseFlattenGrayscaleMap.uexp" 106
"../../../Engine/Content/EngineMaterials/BaseFlattenDiffuseMap.uasset" 107
"../../../Engine/Content/EngineMaterials/BaseFlattenDiffuseMap.uexp" 108
"../../../Engine/Content/Functions/Engine_MaterialFunctions02/PivotPainter2/Black_1x1_EXR_Texture.uasset" 109
"../../../Engine/Content/Functions/Engine_MaterialFunctions02/PivotPainter2/Black_1x1_EXR_Texture.uexp" 110
"../../../Engine/Content/EngineMaterials/BaseFlattenEmissiveMap.uasset" 111
"../../../Engine/Content/EngineMaterials/BaseFlattenEmissiveMap.uexp" 112
"../../../Engine/Content/EngineMaterials/BaseFlattenLinearColor.uasset" 113
"../../../Engine/Content/EngineMaterials/BaseFlattenLinearColor.uexp" 114
"../../../Engine/Content/EngineMaterials/FlattenMaterial.uasset" 115
"../../../Engine/Content/EngineMaterials/FlattenMaterial.uexp" 116
"../../../Engine/Content/EngineMaterials/DefaultWhiteGrid_Low.uasset" 117
"../../../Engine/Content/EngineMaterials/DefaultWhiteGrid_Low.uexp" 118
"../../../Engine/Content/EngineMaterials/EmissiveMeshMaterial.uasset" 119
"../../../Engine/Content/EngineMaterials/EmissiveMeshMaterial.uexp" 120
"../../../Engine/Content/EngineMaterials/DefaultWhiteGrid.ubulk" 121
"../../../Engine/Content/EngineMaterials/DefaultWhiteGrid.uasset" 122
"../../../Engine/Content/EngineMaterials/DefaultWhiteGrid.uexp" 123
"../../../Engine/Content/EngineFonts/RobotoDistanceField.uasset" 124
"../../../Engine/Content/EngineFonts/RobotoDistanceField.uexp" 125
"../../../Engine/Content/EngineMaterials/DefaultTextMaterialOpaque.uasset" 126
"../../../Engine/Content/EngineMaterials/DefaultTextMaterialOpaque.uexp" 127
"../../../Engine/Content/EngineMaterials/DefaultDiffuse.ubulk" 128
"../../../Engine/Content/EngineMaterials/DefaultDiffuse.uasset" 129
"../../../Engine/Content/EngineMaterials/DefaultDiffuse.uexp" 130
"../../../Engine/Content/Functions/Engine_MaterialFunctions02/Utility/BreakOutFloat2Components.uasset" 131
"../../../Engine/Content/Functions/Engine_MaterialFunctions02/Utility/BreakOutFloat2Components.uexp" 132
"../../../Engine/Content/EngineMaterials/DefaultPostProcessMaterial.uasset" 133
"../../../Engine/Content/EngineMaterials/DefaultPostProcessMaterial.uexp" 134
"../../../Engine/Content/EngineMaterials/DefaultPhysicalMaterial.uasset" 135
"../../../Engine/Content/EngineMaterials/DefaultPhysicalMaterial.uexp" 136
"../../../Engine/Content/EngineMaterials/DefaultLightFunctionMaterial.uasset" 137
"../../../Engine/Content/EngineMaterials/DefaultLightFunctionMaterial.uexp" 138
"../../../Engine/Content/EngineMaterials/DefaultDestructiblePhysicalMaterial.uasset" 139
"../../../Engine/Content/EngineMaterials/DefaultDestructiblePhysicalMaterial.uexp" 140
"../../../Engine/Content/EngineMaterials/DefaultDeferredDecalMaterial.uasset" 141
"../../../Engine/Content/EngineMaterials/DefaultDeferredDecalMaterial.uexp" 142
"../../../Engine/Content/EngineMaterials/DefaultBokeh.uasset" 143
"../../../Engine/Content/EngineMaterials/DefaultBokeh.uexp" 144
"../../../Engine/Content/EngineMaterials/DefaultBloomKernel.uasset" 145
"../../../Engine/Content/EngineMaterials/DefaultBloomKernel.uexp" 146
"../../../Engine/Content/EngineMaterials/BlueNoise.uasset" 147
"../../../Engine/Content/EngineMaterials/BlueNoise.uexp" 148
"../../../Engine/Content/EngineFonts/Faces/RobotoLight.uexp" 149
"../../../Engine/Content/EngineFonts/Faces/RobotoLight.uasset" 150
"../../../Engine/Content/EngineFonts/Faces/RobotoLight.ufont" 151
"../../../Engine/Content/EngineFonts/Faces/RobotoBold.uexp" 152
"../../../Engine/Content/EngineFonts/Faces/RobotoBold.uasset" 153
"../../../Engine/Content/EngineFonts/Faces/RobotoBold.ufont" 154
"../../../Engine/Content/EngineFonts/Faces/RobotoRegular.uexp" 155
"../../../Engine/Content/EngineFonts/Faces/RobotoRegular.uasset" 156
"../../../Engine/Content/EngineFonts/Faces/RobotoRegular.ufont" 157
"../../../Engine/Content/EngineFonts/Faces/DroidSansFallback.uexp" 158
"../../../Engine/Content/EngineFonts/Faces/DroidSansFallback.uasset" 159
"../../../Engine/Content/EngineFonts/Faces/DroidSansFallback.ufont" 160
"../../../Engine/Content/EngineFonts/Faces/RobotoItalic.uexp" 161
"../../../Engine/Content/EngineFonts/Faces/RobotoItalic.uasset" 162
"../../../Engine/Content/EngineFonts/Faces/RobotoItalic.ufont" 163
"../../../Engine/Content/EngineFonts/Faces/RobotoBoldItalic.uexp" 164
"../../../Engine/Content/EngineFonts/Faces/RobotoBoldItalic.uasset" 165
"../../../Engine/Content/EngineFonts/Faces/RobotoBoldItalic.ufont" 166
"../../../Engine/Content/EngineFonts/Roboto.uasset" 167
"../../../Engine/Content/EngineFonts/Roboto.uexp" 168
"../../../Engine/Content/Functions/Engine_MaterialFunctions02/Utility/CameraDirectionVector.uasset" 169
"../../../Engine/Content/Functions/Engine_MaterialFunctions02/Utility/CameraDirectionVector.uexp" 170
"../../../Engine/Content/EngineDebugMaterials/VolumeToRender.uasset" 171
"../../../Engine/Content/EngineDebugMaterials/VolumeToRender.uexp" 172
"../../../Engine/Content/EngineDebugMaterials/M_VolumeRenderSphereTracePP.uasset" 173
"../../../Engine/Content/EngineDebugMaterials/M_VolumeRenderSphereTracePP.uexp" 174
"../../../Engine/Content/EngineDebugMaterials/M_SimpleUnlitTranslucent.uasset" 175
"../../../Engine/Content/EngineDebugMaterials/M_SimpleUnlitTranslucent.uexp" 176
"../../../Engine/Content/EngineDebugMaterials/DebugMeshMaterial.uasset" 177
"../../../Engine/Content/EngineDebugMaterials/DebugMeshMaterial.uexp" 178
"../../../Engine/Content/EngineDebugMaterials/DebugEditorMaterial.uasset" 179
"../../../Engine/Content/EngineDebugMaterials/DebugEditorMaterial.uexp" 180
"../../../Engine/Content/EngineDamageTypes/DmgTypeBP_Environmental.uasset" 181
"../../../Engine/Content/EngineDamageTypes/DmgTypeBP_Environmental.uexp" 182
"../../../Engine/Content/EditorResources/S_TriggerSphere.uasset" 183
"../../../Engine/Content/EditorResources/S_TriggerSphere.uexp" 184
"../../../Engine/Content/EditorResources/S_TriggerCapsule.uasset" 185
"../../../Engine/Content/EditorResources/S_TriggerCapsule.uexp" 186
"../../../Engine/Content/EditorResources/S_TriggerBox.uasset" 187
"../../../Engine/Content/EditorResources/S_TriggerBox.uexp" 188
"../../../Engine/Content/EditorResources/S_Trigger.ubulk" 189
"../../../Engine/Content/EditorResources/S_Trigger.uasset" 190
"../../../Engine/Content/EditorResources/S_Trigger.uexp" 191
"../../../Engine/Content/EditorResources/S_Terrain.ubulk" 192
"../../../Engine/Content/EditorResources/S_Terrain.uasset" 193
"../../../Engine/Content/EditorResources/S_Terrain.uexp" 194
"../../../Engine/Content/EditorResources/S_Solver.ubulk" 195
"../../../Engine/Content/EditorResources/S_Solver.uasset" 196
"../../../Engine/Content/EditorResources/S_Solver.uexp" 197
"../../../Engine/Content/EditorResources/S_BoxReflectionCapture.uasset" 198
"../../../Engine/Content/EditorResources/S_BoxReflectionCapture.uexp" 199
"../../../Engine/Content/EditorResources/S_Actor.ubulk" 200
"../../../Engine/Content/EditorResources/S_Actor.uasset" 201
"../../../Engine/Content/EditorResources/S_Actor.uexp" 202
"../../../Engine/Content/EditorResources/EmptyActor.uasset" 203
"../../../Engine/Content/EditorResources/EmptyActor.uexp" 204
"../../../Engine/Content/EditorResources/BSPVertex.uasset" 205
"../../../Engine/Content/EditorResources/BSPVertex.uexp" 206
"../../../Engine/Content/EditorResources/SequenceRecorder/RecordingIndicator.uasset" 207
"../../../Engine/Content/EditorResources/SequenceRecorder/RecordingIndicator.uexp" 208
"../../../Engine/Content/EditorResources/SequenceRecorder/Countdown.uasset" 209
"../../../Engine/Content/EditorResources/SequenceRecorder/Countdown.uexp" 210
"../../../Engine/Content/EditorMaterials/Camera/CineMat.uasset" 211
"../../../Engine/Content/EditorMaterials/Camera/CineMat.uexp" 212
"../../../Engine/Content/EditorMaterials/Camera/MI_CineMat_Rig.uasset" 213
"../../../Engine/Content/EditorMaterials/Camera/MI_CineMat_Rig.uexp" 214
"../../../Engine/Content/EditorMeshes/Camera/SM_RailRig_Track.ubulk" 215
"../../../Engine/Content/EditorMeshes/Camera/SM_RailRig_Track.uasset" 216
"../../../Engine/Content/EditorMeshes/Camera/SM_RailRig_Track.uexp" 217
"../../../Engine/Content/EditorMeshes/Camera/SM_RailRig_Mount.ubulk" 218
"../../../Engine/Content/EditorMeshes/Camera/SM_RailRig_Mount.uasset" 219
"../../../Engine/Content/EditorMeshes/Camera/SM_RailRig_Mount.uexp" 220
"../../../Engine/Content/EditorMeshes/Camera/SM_CraneRig_Mount.ubulk" 221
"../../../Engine/Content/EditorMeshes/Camera/SM_CraneRig_Mount.uasset" 222
"../../../Engine/Content/EditorMeshes/Camera/SM_CraneRig_Mount.uexp" 223
"../../../Engine/Content/EditorMeshes/Camera/SM_CraneRig_Body.ubulk" 224
"../../../Engine/Content/EditorMeshes/Camera/SM_CraneRig_Body.uasset" 225
"../../../Engine/Content/EditorMeshes/Camera/SM_CraneRig_Body.uexp" 226
"../../../Engine/Content/EditorMeshes/Camera/SM_CraneRig_Base.ubulk" 227
"../../../Engine/Content/EditorMeshes/Camera/SM_CraneRig_Base.uasset" 228
"../../../Engine/Content/EditorMeshes/Camera/SM_CraneRig_Base.uexp" 229
"../../../Engine/Content/EditorMeshes/Camera/SM_CraneRig_Arm.ubulk" 230
"../../../Engine/Content/EditorMeshes/Camera/SM_CraneRig_Arm.uasset" 231
"../../../Engine/Content/EditorMeshes/Camera/SM_CraneRig_Arm.uexp" 232
"../../../Engine/Content/EditorMaterials/PreviewShadowIndicator.ubulk" 233
"../../../Engine/Content/EditorMaterials/PreviewShadowIndicator.uasset" 234
"../../../Engine/Content/EditorMaterials/PreviewShadowIndicator.uexp" 235
"../../../Engine/Content/EditorMaterials/PreviewShadowIndicatorMaterial.uasset" 236
"../../../Engine/Content/EditorMaterials/PreviewShadowIndicatorMaterial.uexp" 237
"../../../Engine/Content/EditorMaterials/MAT_Groups_Visibility.uasset" 238
"../../../Engine/Content/EditorMaterials/MAT_Groups_Visibility.uexp" 239
"../../../Engine/Content/EditorMaterials/MAT_Groups_Toggle.uasset" 240
"../../../Engine/Content/EditorMaterials/MAT_Groups_Toggle.uexp" 241
"../../../Engine/Content/Functions/Engine_MaterialFunctions02/Utility/MakeFloat4.uasset" 242
"../../../Engine/Content/Functions/Engine_MaterialFunctions02/Utility/MakeFloat4.uexp" 243
"../../../Engine/Content/Functions/Engine_MaterialFunctions02/Utility/MakeFloat3.uasset" 244
"../../../Engine/Content/Functions/Engine_MaterialFunctions02/Utility/MakeFloat3.uexp" 245
"../../../Engine/Content/Functions/Engine_MaterialFunctions02/Utility/BreakOutFloat3Components.uasset" 246
"../../../Engine/Content/Functions/Engine_MaterialFunctions02/Utility/BreakOutFloat3Components.uexp" 247
"../../../Engine/Content/EditorMaterials/WorldPartition/WorldPartitionSpatialHashGridPreviewMaterial.uasset" 248
"../../../Engine/Content/EditorMaterials/WorldPartition/WorldPartitionSpatialHashGridPreviewMaterial.uexp" 249
"../../../Engine/Content/EditorMaterials/ParticleSystems/PSysThumbnail_OOD.ubulk" 250
"../../../Engine/Content/EditorMaterials/ParticleSystems/PSysThumbnail_OOD.uasset" 251
"../../../Engine/Content/EditorMaterials/ParticleSystems/PSysThumbnail_OOD.uexp" 252
"../../../Engine/Content/EditorMaterials/ParticleSystems/PSysThumbnail_NoImage.ubulk" 253
"../../../Engine/Content/EditorMaterials/ParticleSystems/PSysThumbnail_NoImage.uasset" 254
"../../../Engine/Content/EditorMaterials/ParticleSystems/PSysThumbnail_NoImage.uexp" 255
"../../../Engine/Content/EditorMaterials/MatineeGroups/MAT_Groups_Vector.uasset" 256
"../../../Engine/Content/EditorMaterials/MatineeGroups/MAT_Groups_Vector.uexp" 257
"../../../Engine/Content/EditorMaterials/MatineeGroups/MAT_Groups_Sound.uasset" 258
"../../../Engine/Content/EditorMaterials/MatineeGroups/MAT_Groups_Sound.uexp" 259
"../../../Engine/Content/EditorMaterials/MatineeGroups/MAT_Groups_Slomo.uasset" 260
"../../../Engine/Content/EditorMaterials/MatineeGroups/MAT_Groups_Slomo.uexp" 261
"../../../Engine/Content/EditorMaterials/MatineeGroups/MAT_Groups_Move.uasset" 262
"../../../Engine/Content/EditorMaterials/MatineeGroups/MAT_Groups_Move.uexp" 263
"../../../Engine/Content/EditorMaterials/MatineeGroups/MAT_Groups_Float.uasset" 264
"../../../Engine/Content/EditorMaterials/MatineeGroups/MAT_Groups_Float.uexp" 265
"../../../Engine/Content/EditorMaterials/MatineeGroups/MAT_Groups_Fade.uasset" 266
"../../../Engine/Content/EditorMaterials/MatineeGroups/MAT_Groups_Fade.uexp" 267
"../../../Engine/Content/EditorMaterials/MatineeGroups/MAT_Groups_Event.uasset" 268
"../../../Engine/Content/EditorMaterials/MatineeGroups/MAT_Groups_Event.uexp" 269
"../../../Engine/Content/EditorMaterials/MatineeGroups/MAT_Groups_Director.uasset" 270
"../../../Engine/Content/EditorMaterials/MatineeGroups/MAT_Groups_Director.uexp" 271
"../../../Engine/Content/EditorMaterials/MatineeGroups/MAT_Groups_AudioMaster.uasset" 272
"../../../Engine/Content/EditorMaterials/MatineeGroups/MAT_Groups_AudioMaster.uexp" 273
"../../../Engine/Content/EditorMaterials/MatineeGroups/MAT_Groups_Anim.uasset" 274
"../../../Engine/Content/EditorMaterials/MatineeGroups/MAT_Groups_Anim.uexp" 275
"../../../Engine/Content/EditorMaterials/MatineeGroups/MAT_ColorTrack.uasset" 276
"../../../Engine/Content/EditorMaterials/MatineeGroups/MAT_ColorTrack.uexp" 277
"../../../Engine/Content/EditorLandscapeResources/DataLayer.uasset" 278
"../../../Engine/Content/EditorLandscapeResources/DataLayer.uexp" 279
"../../../Engine/Content/EngineMaterials/T_Default_Material_Grid_M.ubulk" 280
"../../../Engine/Content/EngineMaterials/T_Default_Material_Grid_M.uasset" 281
"../../../Engine/Content/EngineMaterials/T_Default_Material_Grid_M.uexp" 282
"../../../Engine/Content/EngineMaterials/T_Default_Material_Grid_N.ubulk" 283
"../../../Engine/Content/EngineMaterials/T_Default_Material_Grid_N.uasset" 284
"../../../Engine/Content/EngineMaterials/T_Default_Material_Grid_N.uexp" 285
"../../../Engine/Content/Functions/Engine_MaterialFunctions01/Opacity/CameraDepthFade.uasset" 286
"../../../Engine/Content/Functions/Engine_MaterialFunctions01/Opacity/CameraDepthFade.uexp" 287
"../../../Engine/Content/EngineMaterials/DefaultMaterial.uasset" 288
"../../../Engine/Content/EngineMaterials/DefaultMaterial.uexp" 289
"../../../Engine/Content/BasicShapes/Sphere.ubulk" 290
"../../../Engine/Content/BasicShapes/Sphere.uasset" 291
"../../../Engine/Content/BasicShapes/Sphere.uexp" 292
"../../../Engine/Content/EngineMaterials/WorldGridMaterial.uasset" 293
"../../../Engine/Content/EngineMaterials/WorldGridMaterial.uexp" 294
"../../../Engine/Content/BasicShapes/Plane.ubulk" 295
"../../../Engine/Content/BasicShapes/Plane.uasset" 296
"../../../Engine/Content/BasicShapes/Plane.uexp" 297
"../../../Engine/Content/BasicShapes/Cylinder.ubulk" 298
"../../../Engine/Content/BasicShapes/Cylinder.uasset" 299
"../../../Engine/Content/BasicShapes/Cylinder.uexp" 300
"../../../Engine/Content/BasicShapes/Cone.ubulk" 301
"../../../Engine/Content/BasicShapes/Cone.uasset" 302
"../../../Engine/Content/BasicShapes/Cone.uexp" 303
"../../../Engine/Content/ArtTools/RenderToTexture/Meshes/S_1_Unit_Plane.ubulk" 304
"../../../Engine/Content/ArtTools/RenderToTexture/Meshes/S_1_Unit_Plane.uasset" 305
"../../../Engine/Content/ArtTools/RenderToTexture/Meshes/S_1_Unit_Plane.uexp" 306
"../../../Engine/Content/MobileResources/HUD/VirtualJoystick_Background.uasset" 307
"../../../Engine/Content/MobileResources/HUD/VirtualJoystick_Background.uexp" 308
"../../../Engine/Content/MobileResources/HUD/VirtualJoystick_Thumb.uasset" 309
"../../../Engine/Content/MobileResources/HUD/VirtualJoystick_Thumb.uexp" 310
"../../../Engine/Content/MobileResources/HUD/DefaultVirtualJoysticks.uasset" 311
"../../../Engine/Content/MobileResources/HUD/DefaultVirtualJoysticks.uexp" 312
"../../../Engine/Content/Tutorial/ContentIntroCurve.uasset" 313
"../../../Engine/Content/Tutorial/ContentIntroCurve.uexp" 314
"../../../Engine/Content/VREditor/TransformGizmo/Main.uasset" 315
"../../../Engine/Content/VREditor/TransformGizmo/Main.uexp" 316
"../../../Engine/Content/VREditor/TransformGizmo/Xray.uasset" 317
"../../../Engine/Content/VREditor/TransformGizmo/Xray.uexp" 318
"../../../Engine/Content/VREditor/TransformGizmo/SM_Sequencer_Node.ubulk" 319
"../../../Engine/Content/VREditor/TransformGizmo/SM_Sequencer_Node.uasset" 320
"../../../Engine/Content/VREditor/TransformGizmo/SM_Sequencer_Node.uexp" 321
"../../../Engine/Content/VREditor/LaserPointer/VR_LaserPower_01.ubulk" 322
"../../../Engine/Content/VREditor/LaserPointer/VR_LaserPower_01.uasset" 323
"../../../Engine/Content/VREditor/LaserPointer/VR_LaserPower_01.uexp" 324
"../../../Engine/Content/VREditor/TransformGizmo/TransformGizmoMaterial.uasset" 325
"../../../Engine/Content/VREditor/TransformGizmo/TransformGizmoMaterial.uexp" 326
"../../../Engine/Content/VREditor/TransformGizmo/TranslucentTransformGizmoMaterial.uasset" 327
"../../../Engine/Content/VREditor/TransformGizmo/TranslucentTransformGizmoMaterial.uexp" 328
"../../../Engine/Content/VREditor/TransformGizmo/PlaneTranslationHandle.ubulk" 329
"../../../Engine/Content/VREditor/TransformGizmo/PlaneTranslationHandle.uasset" 330
"../../../Engine/Content/VREditor/TransformGizmo/PlaneTranslationHandle.uexp" 331
"../../../Engine/Content/VREditor/TransformGizmo/BoundingBoxEdge.ubulk" 332
"../../../Engine/Content/VREditor/TransformGizmo/BoundingBoxEdge.uasset" 333
"../../../Engine/Content/VREditor/TransformGizmo/BoundingBoxEdge.uexp" 334
"../../../Engine/Content/VREditor/TransformGizmo/BoundingBoxCorner.ubulk" 335
"../../../Engine/Content/VREditor/TransformGizmo/BoundingBoxCorner.uasset" 336
"../../../Engine/Content/VREditor/TransformGizmo/BoundingBoxCorner.uexp" 337
"../../../Engine/Plugins/2D/Paper2D/Content/PlaceholderTextures/DummySpriteTexture.ubulk" 338
"../../../Engine/Plugins/2D/Paper2D/Content/PlaceholderTextures/DummySpriteTexture.uasset" 339
"../../../Engine/Plugins/2D/Paper2D/Content/PlaceholderTextures/DummySpriteTexture.uexp" 340
"../../../Engine/Plugins/2D/Paper2D/Content/DefaultSpriteMaterial.uasset" 341
"../../../Engine/Plugins/2D/Paper2D/Content/DefaultSpriteMaterial.uexp" 342
"../../../Engine/Plugins/2D/Paper2D/Content/OpaqueUnlitSpriteMaterial.uasset" 343
"../../../Engine/Plugins/2D/Paper2D/Content/OpaqueUnlitSpriteMaterial.uexp" 344
"../../../Engine/Plugins/2D/Paper2D/Content/MaskedUnlitSpriteMaterial.uasset" 345
"../../../Engine/Plugins/2D/Paper2D/Content/MaskedUnlitSpriteMaterial.uexp" 346
"../../../Engine/Plugins/2D/Paper2D/Content/DummySprite.uasset" 347
"../../../Engine/Plugins/2D/Paper2D/Content/DummySprite.uexp" 348
"../../../Engine/Plugins/2D/Paper2D/Content/DefaultPaperTerrainMaterial.uasset" 349
"../../../Engine/Plugins/2D/Paper2D/Content/DefaultPaperTerrainMaterial.uexp" 350
"../../../Engine/Plugins/Animation/ControlRig/Content/M_Manip.uasset" 351
"../../../Engine/Plugins/Animation/ControlRig/Content/M_Manip.uexp" 352
"../../../Engine/Plugins/Animation/ControlRig/Content/Controls/DefaultGizmoLibraryNormalized.uasset" 353
"../../../Engine/Plugins/Animation/ControlRig/Content/Controls/DefaultGizmoLibraryNormalized.uexp" 354
"../../../Engine/Plugins/Animation/ControlRig/Content/Controls/ControlRig_Wedge_solid.ubulk" 355
"../../../Engine/Plugins/Animation/ControlRig/Content/Controls/ControlRig_Wedge_solid.uasset" 356
"../../../Engine/Plugins/Animation/ControlRig/Content/Controls/ControlRig_Wedge_solid.uexp" 357
"../../../Engine/Plugins/Animation/ControlRig/Content/Controls/ControlRig_Wedge_3mm.ubulk" 358
"../../../Engine/Plugins/Animation/ControlRig/Content/Controls/ControlRig_Wedge_3mm.uasset" 359
"../../../Engine/Plugins/Animation/ControlRig/Content/Controls/ControlRig_Wedge_3mm.uexp" 360
"../../../Engine/Plugins/Animation/ControlRig/Content/Controls/ControlRig_Wedge_1mm.ubulk" 361
"../../../Engine/Plugins/Animation/ControlRig/Content/Controls/ControlRig_Wedge_1mm.uasset" 362
"../../../Engine/Plugins/Animation/ControlRig/Content/Controls/ControlRig_Wedge_1mm.uexp" 363
"../../../Engine/Plugins/Animation/ControlRig/Content/Controls/ControlRig_Triangle_solid.ubulk" 364
"../../../Engine/Plugins/Animation/ControlRig/Content/Controls/ControlRig_Triangle_solid.uasset" 365
"../../../Engine/Plugins/Animation/ControlRig/Content/Controls/ControlRig_Triangle_solid.uexp" 366
"../../../Engine/Plugins/Animation/ControlRig/Content/Controls/ControlRig_Triangle_3mm.ubulk" 367
"../../../Engine/Plugins/Animation/ControlRig/Content/Controls/ControlRig_Triangle_3mm.uasset" 368
"../../../Engine/Plugins/Animation/ControlRig/Content/Controls/ControlRig_Triangle_3mm.uexp" 369
"../../../Engine/Plugins/Animation/ControlRig/Content/Controls/ControlRig_Triangle_1mm.ubulk" 370
"../../../Engine/Plugins/Animation/ControlRig/Content/Controls/ControlRig_Triangle_1mm.uasset" 371
"../../../Engine/Plugins/Animation/ControlRig/Content/Controls/ControlRig_Triangle_1mm.uexp" 372
"../../../Engine/Plugins/Animation/ControlRig/Content/Controls/ControlRig_Star4_solid.ubulk" 373
"../../../Engine/Plugins/Animation/ControlRig/Content/Controls/ControlRig_Star4_solid.uasset" 374
"../../../Engine/Plugins/Animation/ControlRig/Content/Controls/ControlRig_Star4_solid.uexp" 375
"../../../Engine/Plugins/Animation/ControlRig/Content/Controls/ControlRig_Star4_3mm.ubulk" 376
"../../../Engine/Plugins/Animation/ControlRig/Content/Controls/ControlRig_Star4_3mm.uasset" 377
"../../../Engine/Plugins/Animation/ControlRig/Content/Controls/ControlRig_Star4_3mm.uexp" 378
"../../../Engine/Plugins/Animation/ControlRig/Content/Controls/ControlRig_Star4_1mm.ubulk" 379
"../../../Engine/Plugins/Animation/ControlRig/Content/Controls/ControlRig_Star4_1mm.uasset" 380
"../../../Engine/Plugins/Animation/ControlRig/Content/Controls/ControlRig_Star4_1mm.uexp" 381
"../../../Engine/Plugins/Animation/ControlRig/Content/Controls/ControlRig_Square_solid.ubulk" 382
"../../../Engine/Plugins/Animation/ControlRig/Content/Controls/ControlRig_Square_solid.uasset" 383
"../../../Engine/Plugins/Animation/ControlRig/Content/Controls/ControlRig_Square_solid.uexp" 384
"../../../Engine/Plugins/Animation/ControlRig/Content/Controls/ControlRig_Square_3mm.ubulk" 385
"../../../Engine/Plugins/Animation/ControlRig/Content/Controls/ControlRig_Square_3mm.uasset" 386
"../../../Engine/Plugins/Animation/ControlRig/Content/Controls/ControlRig_Square_3mm.uexp" 387
"../../../Engine/Plugins/Animation/ControlRig/Content/Controls/ControlRig_Square_1mm.ubulk" 388
"../../../Engine/Plugins/Animation/ControlRig/Content/Controls/ControlRig_Square_1mm.uasset" 389
"../../../Engine/Plugins/Animation/ControlRig/Content/Controls/ControlRig_Square_1mm.uexp" 390
"../../../Engine/Plugins/Animation/ControlRig/Content/Controls/ControlRig_Sphere_solid.ubulk" 391
"../../../Engine/Plugins/Animation/ControlRig/Content/Controls/ControlRig_Sphere_solid.uasset" 392
"../../../Engine/Plugins/Animation/ControlRig/Content/Controls/ControlRig_Sphere_solid.uexp" 393
"../../../Engine/Plugins/Animation/ControlRig/Content/Controls/ControlRig_Sphere_3mm.ubulk" 394
"../../../Engine/Plugins/Animation/ControlRig/Content/Controls/ControlRig_Sphere_3mm.uasset" 395
"../../../Engine/Plugins/Animation/ControlRig/Content/Controls/ControlRig_Sphere_3mm.uexp" 396
"../../../Engine/Plugins/Animation/ControlRig/Content/Controls/ControlRig_Sphere_1mm.ubulk" 397
"../../../Engine/Plugins/Animation/ControlRig/Content/Controls/ControlRig_Sphere_1mm.uasset" 398
"../../../Engine/Plugins/Animation/ControlRig/Content/Controls/ControlRig_Sphere_1mm.uexp" 399
"../../../Engine/Plugins/Animation/ControlRig/Content/Controls/ControlRig_RoundedTriangle_solid.ubulk" 400
"../../../Engine/Plugins/Animation/ControlRig/Content/Controls/ControlRig_RoundedTriangle_solid.uasset" 401
"../../../Engine/Plugins/Animation/ControlRig/Content/Controls/ControlRig_RoundedTriangle_solid.uexp" 402
"../../../Engine/Plugins/Animation/ControlRig/Content/Controls/ControlRig_RoundedTriangle_3mm.ubulk" 403
"../../../Engine/Plugins/Animation/ControlRig/Content/Controls/ControlRig_RoundedTriangle_3mm.uasset" 404
"../../../Engine/Plugins/Animation/ControlRig/Content/Controls/ControlRig_RoundedTriangle_3mm.uexp" 405
"../../../Engine/Plugins/Animation/ControlRig/Content/Controls/ControlRig_RoundedTriangle_1mm.ubulk" 406
"../../../Engine/Plugins/Animation/ControlRig/Content/Controls/ControlRig_RoundedTriangle_1mm.uasset" 407
"../../../Engine/Plugins/Animation/ControlRig/Content/Controls/ControlRig_RoundedTriangle_1mm.uexp" 408
"../../../Engine/Plugins/Animation/ControlRig/Content/Controls/ControlRig_RoundedSquare_solid.ubulk" 409
"../../../Engine/Plugins/Animation/ControlRig/Content/Controls/ControlRig_RoundedSquare_solid.uasset" 410
"../../../Engine/Plugins/Animation/ControlRig/Content/Controls/ControlRig_RoundedSquare_solid.uexp" 411
"../../../Engine/Plugins/Animation/ControlRig/Content/Controls/ControlRig_RoundedSquare_3mm.ubulk" 412
"../../../Engine/Plugins/Animation/ControlRig/Content/Controls/ControlRig_RoundedSquare_3mm.uasset" 413
"../../../Engine/Plugins/Animation/ControlRig/Content/Controls/ControlRig_RoundedSquare_3mm.uexp" 414
"../../../Engine/Plugins/Animation/ControlRig/Content/Controls/ControlRig_RoundedSquare_1mm.ubulk" 415
"../../../Engine/Plugins/Animation/ControlRig/Content/Controls/ControlRig_RoundedSquare_1mm.uasset" 416
"../../../Engine/Plugins/Animation/ControlRig/Content/Controls/ControlRig_RoundedSquare_1mm.uexp" 417
"../../../Engine/Plugins/Animation/ControlRig/Content/Controls/ControlRig_QuarterCircle_solid.ubulk" 418
"../../../Engine/Plugins/Animation/ControlRig/Content/Controls/ControlRig_QuarterCircle_solid.uasset" 419
"../../../Engine/Plugins/Animation/ControlRig/Content/Controls/ControlRig_QuarterCircle_solid.uexp" 420
"../../../Engine/Plugins/Animation/ControlRig/Content/Controls/ControlRig_QuarterCircle_3mm.ubulk" 421
"../../../Engine/Plugins/Animation/ControlRig/Content/Controls/ControlRig_QuarterCircle_3mm.uasset" 422
"../../../Engine/Plugins/Animation/ControlRig/Content/Controls/ControlRig_QuarterCircle_3mm.uexp" 423
"../../../Engine/Plugins/Animation/ControlRig/Content/Controls/ControlRig_QuarterCircle_1mm.ubulk" 424
"../../../Engine/Plugins/Animation/ControlRig/Content/Controls/ControlRig_QuarterCircle_1mm.uasset" 425
"../../../Engine/Plugins/Animation/ControlRig/Content/Controls/ControlRig_QuarterCircle_1mm.uexp" 426
"../../../Engine/Plugins/Animation/ControlRig/Content/Controls/ControlRig_Pyramid_solid.ubulk" 427
"../../../Engine/Plugins/Animation/ControlRig/Content/Controls/ControlRig_Pyramid_solid.uasset" 428
"../../../Engine/Plugins/Animation/ControlRig/Content/Controls/ControlRig_Pyramid_solid.uexp" 429
"../../../Engine/Plugins/Animation/ControlRig/Content/Controls/ControlRig_Pyramid_3mm.ubulk" 430
"../../../Engine/Plugins/Animation/ControlRig/Content/Controls/ControlRig_Pyramid_3mm.uasset" 431
"../../../Engine/Plugins/Animation/ControlRig/Content/Controls/ControlRig_Pyramid_3mm.uexp" 432
"../../../Engine/Plugins/Animation/ControlRig/Content/Controls/ControlRig_Pyramid_1mm.ubulk" 433
"../../../Engine/Plugins/Animation/ControlRig/Content/Controls/ControlRig_Pyramid_1mm.uasset" 434
"../../../Engine/Plugins/Animation/ControlRig/Content/Controls/ControlRig_Pyramid_1mm.uexp" 435
"../../../Engine/Plugins/Animation/ControlRig/Content/Controls/ControlRig_Octagon_solid.ubulk" 436
"../../../Engine/Plugins/Animation/ControlRig/Content/Controls/ControlRig_Octagon_solid.uasset" 437
"../../../Engine/Plugins/Animation/ControlRig/Content/Controls/ControlRig_Octagon_solid.uexp" 438
"../../../Engine/Plugins/Animation/ControlRig/Content/Controls/ControlRig_Octagon_3mm.ubulk" 439
"../../../Engine/Plugins/Animation/ControlRig/Content/Controls/ControlRig_Octagon_3mm.uasset" 440
"../../../Engine/Plugins/Animation/ControlRig/Content/Controls/ControlRig_Octagon_3mm.uexp" 441
"../../../Engine/Plugins/Animation/ControlRig/Content/Controls/ControlRig_Octagon_1mm.ubulk" 442
"../../../Engine/Plugins/Animation/ControlRig/Content/Controls/ControlRig_Octagon_1mm.uasset" 443
"../../../Engine/Plugins/Animation/ControlRig/Content/Controls/ControlRig_Octagon_1mm.uexp" 444
"../../../Engine/Plugins/Animation/ControlRig/Content/Controls/ControlRig_Hexagon_solid.ubulk" 445
"../../../Engine/Plugins/Animation/ControlRig/Content/Controls/ControlRig_Hexagon_solid.uasset" 446
"../../../Engine/Plugins/Animation/ControlRig/Content/Controls/ControlRig_Hexagon_solid.uexp" 447
"../../../Engine/Plugins/Animation/ControlRig/Content/Controls/ControlRig_Hexagon_3mm.ubulk" 448
"../../../Engine/Plugins/Animation/ControlRig/Content/Controls/ControlRig_Hexagon_3mm.uasset" 449
"../../../Engine/Plugins/Animation/ControlRig/Content/Controls/ControlRig_Hexagon_3mm.uexp" 450
"../../../Engine/Plugins/Animation/ControlRig/Content/Controls/ControlRig_Hexagon_1mm.ubulk" 451
"../../../Engine/Plugins/Animation/ControlRig/Content/Controls/ControlRig_Hexagon_1mm.uasset" 452
"../../../Engine/Plugins/Animation/ControlRig/Content/Controls/ControlRig_Hexagon_1mm.uexp" 453
"../../../Engine/Plugins/Animation/ControlRig/Content/Controls/ControlRig_HalfCircle_solid.ubulk" 454
"../../../Engine/Plugins/Animation/ControlRig/Content/Controls/ControlRig_HalfCircle_solid.uasset" 455
"../../../Engine/Plugins/Animation/ControlRig/Content/Controls/ControlRig_HalfCircle_solid.uexp" 456
"../../../Engine/Plugins/Animation/ControlRig/Content/Controls/ControlRig_HalfCircle_3mm.ubulk" 457
"../../../Engine/Plugins/Animation/ControlRig/Content/Controls/ControlRig_HalfCircle_3mm.uasset" 458
"../../../Engine/Plugins/Animation/ControlRig/Content/Controls/ControlRig_HalfCircle_3mm.uexp" 459
"../../../Engine/Plugins/Animation/ControlRig/Content/Controls/ControlRig_HalfCircle_1mm.ubulk" 460
"../../../Engine/Plugins/Animation/ControlRig/Content/Controls/ControlRig_HalfCircle_1mm.uasset" 461
"../../../Engine/Plugins/Animation/ControlRig/Content/Controls/ControlRig_HalfCircle_1mm.uexp" 462
"../../../Engine/Plugins/Animation/ControlRig/Content/Controls/ControlRig_Diamond_solid.ubulk" 463
"../../../Engine/Plugins/Animation/ControlRig/Content/Controls/ControlRig_Diamond_solid.uasset" 464
"../../../Engine/Plugins/Animation/ControlRig/Content/Controls/ControlRig_Diamond_solid.uexp" 465
"../../../Engine/Plugins/Animation/ControlRig/Content/Controls/ControlRig_Diamond_3mm.ubulk" 466
"../../../Engine/Plugins/Animation/ControlRig/Content/Controls/ControlRig_Diamond_3mm.uasset" 467
"../../../Engine/Plugins/Animation/ControlRig/Content/Controls/ControlRig_Diamond_3mm.uexp" 468
"../../../Engine/Plugins/Animation/ControlRig/Content/Controls/ControlRig_Diamond_1mm.ubulk" 469
"../../../Engine/Plugins/Animation/ControlRig/Content/Controls/ControlRig_Diamond_1mm.uasset" 470
"../../../Engine/Plugins/Animation/ControlRig/Content/Controls/ControlRig_Diamond_1mm.uexp" 471
"../../../Engine/Plugins/Animation/ControlRig/Content/Controls/ControlRig_Circle_solid.ubulk" 472
"../../../Engine/Plugins/Animation/ControlRig/Content/Controls/ControlRig_Circle_solid.uasset" 473
"../../../Engine/Plugins/Animation/ControlRig/Content/Controls/ControlRig_Circle_solid.uexp" 474
"../../../Engine/Plugins/Animation/ControlRig/Content/Controls/ControlRig_Circle_3mm.ubulk" 475
"../../../Engine/Plugins/Animation/ControlRig/Content/Controls/ControlRig_Circle_3mm.uasset" 476
"../../../Engine/Plugins/Animation/ControlRig/Content/Controls/ControlRig_Circle_3mm.uexp" 477
"../../../Engine/Plugins/Animation/ControlRig/Content/Controls/ControlRig_Circle_1mm.ubulk" 478
"../../../Engine/Plugins/Animation/ControlRig/Content/Controls/ControlRig_Circle_1mm.uasset" 479
"../../../Engine/Plugins/Animation/ControlRig/Content/Controls/ControlRig_Circle_1mm.uexp" 480
"../../../Engine/Plugins/Animation/ControlRig/Content/Controls/ControlRig_Box_solid.ubulk" 481
"../../../Engine/Plugins/Animation/ControlRig/Content/Controls/ControlRig_Box_solid.uasset" 482
"../../../Engine/Plugins/Animation/ControlRig/Content/Controls/ControlRig_Box_solid.uexp" 483
"../../../Engine/Plugins/Animation/ControlRig/Content/Controls/ControlRig_Box_3mm.ubulk" 484
"../../../Engine/Plugins/Animation/ControlRig/Content/Controls/ControlRig_Box_3mm.uasset" 485
"../../../Engine/Plugins/Animation/ControlRig/Content/Controls/ControlRig_Box_3mm.uexp" 486
"../../../Engine/Plugins/Animation/ControlRig/Content/Controls/ControlRig_Box_1mm.ubulk" 487
"../../../Engine/Plugins/Animation/ControlRig/Content/Controls/ControlRig_Box_1mm.uasset" 488
"../../../Engine/Plugins/Animation/ControlRig/Content/Controls/ControlRig_Box_1mm.uexp" 489
"../../../Engine/Plugins/Animation/ControlRig/Content/Controls/ControlRig_Arrow_solid.ubulk" 490
"../../../Engine/Plugins/Animation/ControlRig/Content/Controls/ControlRig_Arrow_solid.uasset" 491
"../../../Engine/Plugins/Animation/ControlRig/Content/Controls/ControlRig_Arrow_solid.uexp" 492
"../../../Engine/Plugins/Animation/ControlRig/Content/Controls/ControlRig_Arrow_3mm.ubulk" 493
"../../../Engine/Plugins/Animation/ControlRig/Content/Controls/ControlRig_Arrow_3mm.uasset" 494
"../../../Engine/Plugins/Animation/ControlRig/Content/Controls/ControlRig_Arrow_3mm.uexp" 495
"../../../Engine/Plugins/Animation/ControlRig/Content/Controls/ControlRig_Arrow_1mm.ubulk" 496
"../../../Engine/Plugins/Animation/ControlRig/Content/Controls/ControlRig_Arrow_1mm.uasset" 497
"../../../Engine/Plugins/Animation/ControlRig/Content/Controls/ControlRig_Arrow_1mm.uexp" 498
"../../../Engine/Plugins/Animation/ControlRig/Content/Controls/ControlRig_Arrow4_solid.ubulk" 499
"../../../Engine/Plugins/Animation/ControlRig/Content/Controls/ControlRig_Arrow4_solid.uasset" 500
"../../../Engine/Plugins/Animation/ControlRig/Content/Controls/ControlRig_Arrow4_solid.uexp" 501
"../../../Engine/Plugins/Animation/ControlRig/Content/Controls/ControlRig_Arrow4_3mm.ubulk" 502
"../../../Engine/Plugins/Animation/ControlRig/Content/Controls/ControlRig_Arrow4_3mm.uasset" 503
"../../../Engine/Plugins/Animation/ControlRig/Content/Controls/ControlRig_Arrow4_3mm.uexp" 504
"../../../Engine/Plugins/Animation/ControlRig/Content/Controls/ControlRig_Arrow4_1mm.ubulk" 505
"../../../Engine/Plugins/Animation/ControlRig/Content/Controls/ControlRig_Arrow4_1mm.uasset" 506
"../../../Engine/Plugins/Animation/ControlRig/Content/Controls/ControlRig_Arrow4_1mm.uexp" 507
"../../../Engine/Plugins/Animation/ControlRig/Content/Controls/ControlRig_Arrow2_solid.ubulk" 508
"../../../Engine/Plugins/Animation/ControlRig/Content/Controls/ControlRig_Arrow2_solid.uasset" 509
"../../../Engine/Plugins/Animation/ControlRig/Content/Controls/ControlRig_Arrow2_solid.uexp" 510
"../../../Engine/Plugins/Animation/ControlRig/Content/Controls/ControlRig_Arrow2_3mm.ubulk" 511
"../../../Engine/Plugins/Animation/ControlRig/Content/Controls/ControlRig_Arrow2_3mm.uasset" 512
"../../../Engine/Plugins/Animation/ControlRig/Content/Controls/ControlRig_Arrow2_3mm.uexp" 513
"../../../Engine/Plugins/Animation/ControlRig/Content/Controls/ControlRig_Arrow2_1mm.ubulk" 514
"../../../Engine/Plugins/Animation/ControlRig/Content/Controls/ControlRig_Arrow2_1mm.uasset" 515
"../../../Engine/Plugins/Animation/ControlRig/Content/Controls/ControlRig_Arrow2_1mm.uexp" 516
"../../../Engine/Plugins/Animation/ControlRig/Content/Controls/ControlRigGizmoMaterial.uasset" 517
"../../../Engine/Plugins/Animation/ControlRig/Content/Controls/ControlRigGizmoMaterial.uexp" 518
"../../../Engine/Plugins/Editor/SpeedTreeImporter/Content/SpeedTree9/game_wind_noise.ubulk" 519
"../../../Engine/Plugins/Editor/SpeedTreeImporter/Content/SpeedTree9/game_wind_noise.uasset" 520
"../../../Engine/Plugins/Editor/SpeedTreeImporter/Content/SpeedTree9/game_wind_noise.uexp" 521
"../../../Engine/Plugins/Editor/SpeedTreeImporter/Content/SpeedTree9/UnpackDirection.uasset" 522
"../../../Engine/Plugins/Editor/SpeedTreeImporter/Content/SpeedTree9/UnpackDirection.uexp" 523
"../../../Engine/Content/Functions/Engine_MaterialFunctions02/ObjectLocalBounds.uasset" 524
"../../../Engine/Content/Functions/Engine_MaterialFunctions02/ObjectLocalBounds.uexp" 525
"../../../Engine/Content/Functions/Engine_MaterialFunctions02/UVs/BoundingBoxBased_0-1_UVW.uasset" 526
"../../../Engine/Content/Functions/Engine_MaterialFunctions02/UVs/BoundingBoxBased_0-1_UVW.uexp" 527
"../../../Engine/Content/Functions/Engine_MaterialFunctions02/Utility/VectorLength.uasset" 528
"../../../Engine/Content/Functions/Engine_MaterialFunctions02/Utility/VectorLength.uexp" 529
"../../../Engine/Plugins/Editor/SpeedTreeImporter/Content/SpeedTree9/UnpackInteger3.uasset" 530
"../../../Engine/Plugins/Editor/SpeedTreeImporter/Content/SpeedTree9/UnpackInteger3.uexp" 531
"../../../Engine/Plugins/Editor/SpeedTreeImporter/Content/SpeedTree9/SpeedTreeCameraFacing.uasset" 532
"../../../Engine/Plugins/Editor/SpeedTreeImporter/Content/SpeedTree9/SpeedTreeCameraFacing.uexp" 533
"../../../Engine/Content/Functions/Engine_MaterialFunctions02/WorldPositionOffset/ObjectScale.uasset" 534
"../../../Engine/Content/Functions/Engine_MaterialFunctions02/WorldPositionOffset/ObjectScale.uexp" 535
"../../../Engine/Content/Functions/Engine_MaterialFunctions02/SafeNormalize.uasset" 536
"../../../Engine/Content/Functions/Engine_MaterialFunctions02/SafeNormalize.uexp" 537
"../../../Engine/Plugins/Editor/SpeedTreeImporter/Content/SpeedTree9/SpeedTreeWindMotion.uasset" 538
"../../../Engine/Plugins/Editor/SpeedTreeImporter/Content/SpeedTree9/SpeedTreeWindMotion.uexp" 539
"../../../Engine/Plugins/Editor/SpeedTreeImporter/Content/SpeedTree9/SpeedTreeBranchMotion.uasset" 540
"../../../Engine/Plugins/Editor/SpeedTreeImporter/Content/SpeedTree9/SpeedTreeBranchMotion.uexp" 541
"../../../Engine/Plugins/Editor/SpeedTreeImporter/Content/SpeedTree9/SpeedTreeWind.uasset" 542
"../../../Engine/Plugins/Editor/SpeedTreeImporter/Content/SpeedTree9/SpeedTreeWind.uexp" 543
"../../../Engine/Plugins/Editor/SpeedTreeImporter/Content/SpeedTree9/EmptyNormal.uasset" 544
"../../../Engine/Plugins/Editor/SpeedTreeImporter/Content/SpeedTree9/EmptyNormal.uexp" 545
"../../../Engine/Plugins/Editor/SpeedTreeImporter/Content/SpeedTree9/Empty.uasset" 546
"../../../Engine/Plugins/Editor/SpeedTreeImporter/Content/SpeedTree9/Empty.uexp" 547
"../../../Engine/Plugins/Editor/SpeedTreeImporter/Content/SpeedTree9/SpeedTreeMaster.uasset" 548
"../../../Engine/Plugins/Editor/SpeedTreeImporter/Content/SpeedTree9/SpeedTreeMaster.uexp" 549
"../../../Engine/Plugins/Editor/SpeedTreeImporter/Content/SpeedTree9/SpeedTreeBillboard.uasset" 550
"../../../Engine/Plugins/Editor/SpeedTreeImporter/Content/SpeedTree9/SpeedTreeBillboard.uexp" 551
"../../../Engine/Plugins/Editor/SpeedTreeImporter/Content/SpeedTree9/SpeedTreeBillboardMaster.uasset" 552
"../../../Engine/Plugins/Editor/SpeedTreeImporter/Content/SpeedTree9/SpeedTreeBillboardMaster.uexp" 553
"../../../Engine/Plugins/Runtime/HairStrands/Content/Materials/HairMeshesDefaultMaterial.uasset" 554
"../../../Engine/Plugins/Runtime/HairStrands/Content/Materials/HairMeshesDefaultMaterial.uexp" 555
"../../../Engine/Plugins/Runtime/HairStrands/Content/Materials/HairDefaultMaterial.uasset" 556
"../../../Engine/Plugins/Runtime/HairStrands/Content/Materials/HairDefaultMaterial.uexp" 557
"../../../Engine/Plugins/Runtime/HairStrands/Content/Materials/HairGroupColors.uasset" 558
"../../../Engine/Plugins/Runtime/HairStrands/Content/Materials/HairGroupColors.uexp" 559
"../../../Engine/Content/EngineMaterials/HairColorMap.uasset" 560
"../../../Engine/Content/EngineMaterials/HairColorMap.uexp" 561
"../../../Engine/Content/EngineMaterials/HairDebugColor.uasset" 562
"../../../Engine/Content/EngineMaterials/HairDebugColor.uexp" 563
"../../../Engine/Plugins/Runtime/HairStrands/Content/Materials/HairDebugMaterial.uasset" 564
"../../../Engine/Plugins/Runtime/HairStrands/Content/Materials/HairDebugMaterial.uexp" 565
"../../../Engine/Plugins/Runtime/HairStrands/Content/Materials/HairCardsDefaultMaterial.uasset" 566
"../../../Engine/Plugins/Runtime/HairStrands/Content/Materials/HairCardsDefaultMaterial.uexp" 567
"D:/GitHub/TechnicalDesignDocument-AIE/Antipode/Content/MarketPlace/PPM_TS_InkOnly.uasset" 568
"D:/GitHub/TechnicalDesignDocument-AIE/Antipode/Content/MarketPlace/PPM_TS_InkOnly.uexp" 569
"D:/GitHub/TechnicalDesignDocument-AIE/Antipode/Content/MarketPlace/PPM_TS_InkAndPaper_BlackLine.uasset" 570
"D:/GitHub/TechnicalDesignDocument-AIE/Antipode/Content/MarketPlace/PPM_TS_InkAndPaper_BlackLine.uexp" 571
"D:/GitHub/TechnicalDesignDocument-AIE/Antipode/Content/LevelPrototyping/Textures/T_GridChecker_A.ubulk" 572
"D:/GitHub/TechnicalDesignDocument-AIE/Antipode/Content/LevelPrototyping/Textures/T_GridChecker_A.uasset" 573
"D:/GitHub/TechnicalDesignDocument-AIE/Antipode/Content/LevelPrototyping/Textures/T_GridChecker_A.uexp" 574
"../../../Engine/Content/Functions/Engine_MaterialFunctions01/Gradient/LinearGradient.uasset" 575
"../../../Engine/Content/Functions/Engine_MaterialFunctions01/Gradient/LinearGradient.uexp" 576
"../../../Engine/Content/Functions/Engine_MaterialFunctions01/ImageAdjustment/CheapContrast.uasset" 577
"../../../Engine/Content/Functions/Engine_MaterialFunctions01/ImageAdjustment/CheapContrast.uexp" 578
"D:/GitHub/TechnicalDesignDocument-AIE/Antipode/Content/LevelPrototyping/Materials/MF_ProcGrid.uasset" 579
"D:/GitHub/TechnicalDesignDocument-AIE/Antipode/Content/LevelPrototyping/Materials/MF_ProcGrid.uexp" 580
"D:/GitHub/TechnicalDesignDocument-AIE/Antipode/Content/LevelPrototyping/Materials/M_PrototypeGrid.uasset" 581
"D:/GitHub/TechnicalDesignDocument-AIE/Antipode/Content/LevelPrototyping/Materials/M_PrototypeGrid.uexp" 582
"D:/GitHub/TechnicalDesignDocument-AIE/Antipode/Content/LevelPrototyping/Materials/MI_PrototypeGrid_TopDark.uasset" 583
"D:/GitHub/TechnicalDesignDocument-AIE/Antipode/Content/LevelPrototyping/Materials/MI_PrototypeGrid_TopDark.uexp" 584
"D:/GitHub/TechnicalDesignDocument-AIE/Antipode/Content/LevelPrototyping/Materials/MI_PrototypeGrid_Gray_02.uasset" 585
"D:/GitHub/TechnicalDesignDocument-AIE/Antipode/Content/LevelPrototyping/Materials/MI_PrototypeGrid_Gray_02.uexp" 586
"D:/GitHub/TechnicalDesignDocument-AIE/Antipode/Content/LevelPrototyping/Materials/MI_PrototypeGrid_Gray.uasset" 587
"D:/GitHub/TechnicalDesignDocument-AIE/Antipode/Content/LevelPrototyping/Materials/MI_PrototypeGrid_Gray.uexp" 588
"D:/GitHub/TechnicalDesignDocument-AIE/Antipode/Content/LevelPrototyping/Meshes/SM_Ramp.ubulk" 589
"D:/GitHub/TechnicalDesignDocument-AIE/Antipode/Content/LevelPrototyping/Meshes/SM_Ramp.uasset" 590
"D:/GitHub/TechnicalDesignDocument-AIE/Antipode/Content/LevelPrototyping/Meshes/SM_Ramp.uexp" 591
"D:/GitHub/TechnicalDesignDocument-AIE/Antipode/Content/LevelPrototyping/Meshes/SM_QuarterCylinder.ubulk" 592
"D:/GitHub/TechnicalDesignDocument-AIE/Antipode/Content/LevelPrototyping/Meshes/SM_QuarterCylinder.uasset" 593
"D:/GitHub/TechnicalDesignDocument-AIE/Antipode/Content/LevelPrototyping/Meshes/SM_QuarterCylinder.uexp" 594
"D:/GitHub/TechnicalDesignDocument-AIE/Antipode/Content/LevelPrototyping/Meshes/SM_Cylinder.ubulk" 595
"D:/GitHub/TechnicalDesignDocument-AIE/Antipode/Content/LevelPrototyping/Meshes/SM_Cylinder.uasset" 596
"D:/GitHub/TechnicalDesignDocument-AIE/Antipode/Content/LevelPrototyping/Meshes/SM_Cylinder.uexp" 597
"D:/GitHub/TechnicalDesignDocument-AIE/Antipode/Content/LevelPrototyping/Meshes/SM_Cube.ubulk" 598
"D:/GitHub/TechnicalDesignDocument-AIE/Antipode/Content/LevelPrototyping/Meshes/SM_Cube.uasset" 599
"D:/GitHub/TechnicalDesignDocument-AIE/Antipode/Content/LevelPrototyping/Meshes/SM_Cube.uexp" 600
"D:/GitHub/TechnicalDesignDocument-AIE/Antipode/Content/LevelPrototyping/Materials/M_Solid.uasset" 601
"D:/GitHub/TechnicalDesignDocument-AIE/Antipode/Content/LevelPrototyping/Materials/M_Solid.uexp" 602
"D:/GitHub/TechnicalDesignDocument-AIE/Antipode/Content/LevelPrototyping/Materials/MI_Solid_Blue.uasset" 603
"D:/GitHub/TechnicalDesignDocument-AIE/Antipode/Content/LevelPrototyping/Materials/MI_Solid_Blue.uexp" 604
"D:/GitHub/TechnicalDesignDocument-AIE/Antipode/Content/LevelPrototyping/Meshes/SM_ChamferCube.ubulk" 605
"D:/GitHub/TechnicalDesignDocument-AIE/Antipode/Content/LevelPrototyping/Meshes/SM_ChamferCube.uasset" 606
"D:/GitHub/TechnicalDesignDocument-AIE/Antipode/Content/LevelPrototyping/Meshes/SM_ChamferCube.uexp" 607
"D:/GitHub/TechnicalDesignDocument-AIE/Antipode/Content/__Font/TW_Font_Offline.uasset" 608
"D:/GitHub/TechnicalDesignDocument-AIE/Antipode/Content/__Font/TW_Font_Offline.uexp" 609
"D:/GitHub/TechnicalDesignDocument-AIE/Antipode/Content/__Sound/Enter_Play.ubulk" 610
"D:/GitHub/TechnicalDesignDocument-AIE/Antipode/Content/__Sound/Enter_Play.uasset" 611
"D:/GitHub/TechnicalDesignDocument-AIE/Antipode/Content/__Sound/Enter_Play.uexp" 612
"../../../Engine/Content/EngineSounds/Master.uasset" 613
"../../../Engine/Content/EngineSounds/Master.uexp" 614
"D:/GitHub/TechnicalDesignDocument-AIE/Antipode/Content/__Sound/MixClasses/MasterVolumeClass.uasset" 615
"D:/GitHub/TechnicalDesignDocument-AIE/Antipode/Content/__Sound/MixClasses/MasterVolumeClass.uexp" 616
"../../../Engine/Content/EngineSounds/Normal_Attack.uasset" 617
"../../../Engine/Content/EngineSounds/Normal_Attack.uexp" 618
"../../../Engine/Content/EngineSounds/Duck_Normal_Attack_MixMod.uasset" 619
"../../../Engine/Content/EngineSounds/Duck_Normal_Attack_MixMod.uexp" 620
"../../../Engine/Content/EngineSounds/Special_Attack_PSM.uasset" 621
"../../../Engine/Content/EngineSounds/Special_Attack_PSM.uexp" 622
"../../../Engine/Content/EngineSounds/SFX.uasset" 623
"../../../Engine/Content/EngineSounds/SFX.uexp" 624
"D:/GitHub/TechnicalDesignDocument-AIE/Antipode/Content/__Sound/MixClasses/SoundVolumeClass.uasset" 625
"D:/GitHub/TechnicalDesignDocument-AIE/Antipode/Content/__Sound/MixClasses/SoundVolumeClass.uexp" 626
"../../../Engine/Content/EngineSounds/Music.uasset" 627
"../../../Engine/Content/EngineSounds/Music.uexp" 628
"D:/GitHub/TechnicalDesignDocument-AIE/Antipode/Content/__Sound/MixClasses/MusicVolumeClass.uasset" 629
"D:/GitHub/TechnicalDesignDocument-AIE/Antipode/Content/__Sound/MixClasses/MusicVolumeClass.uexp" 630
"D:/GitHub/TechnicalDesignDocument-AIE/Antipode/Content/__Font/TCM_____.uexp" 631
"D:/GitHub/TechnicalDesignDocument-AIE/Antipode/Content/__Font/TCM_____.uasset" 632
"D:/GitHub/TechnicalDesignDocument-AIE/Antipode/Content/__Font/TCM_____.ufont" 633
"D:/GitHub/TechnicalDesignDocument-AIE/Antipode/Content/__Font/TW_Font_Runtime.uasset" 634
"D:/GitHub/TechnicalDesignDocument-AIE/Antipode/Content/__Font/TW_Font_Runtime.uexp" 635
"D:/GitHub/TechnicalDesignDocument-AIE/Antipode/Content/__Materials/Textures/Background.uasset" 636
"D:/GitHub/TechnicalDesignDocument-AIE/Antipode/Content/__Materials/Textures/Background.uexp" 637
"../../../Engine/Content/EditorBlueprintResources/StandardMacros.uasset" 638
"../../../Engine/Content/EditorBlueprintResources/StandardMacros.uexp" 639
"../../../Engine/Content/EditorLandscapeResources/DefaultAlphaTexture.uasset" 640
"../../../Engine/Content/EditorLandscapeResources/DefaultAlphaTexture.uexp" 641
"../../../Engine/Content/EditorLandscapeResources/CircleBrushMaterial.uasset" 642
"../../../Engine/Content/EditorLandscapeResources/CircleBrushMaterial.uexp" 643
"D:/GitHub/TechnicalDesignDocument-AIE/Antipode/Content/__Sound/Teleport_Committed.ubulk" 644
"D:/GitHub/TechnicalDesignDocument-AIE/Antipode/Content/__Sound/Teleport_Committed.uasset" 645
"D:/GitHub/TechnicalDesignDocument-AIE/Antipode/Content/__Sound/Teleport_Committed.uexp" 646
"D:/GitHub/TechnicalDesignDocument-AIE/Antipode/Content/FirstPerson/Blueprints/BP_FirstPersonCharacter.uasset" 647
"D:/GitHub/TechnicalDesignDocument-AIE/Antipode/Content/FirstPerson/Blueprints/BP_FirstPersonCharacter.uexp" 648
"D:/GitHub/TechnicalDesignDocument-AIE/Antipode/Content/__UI/MainMenu.uasset" 649
"D:/GitHub/TechnicalDesignDocument-AIE/Antipode/Content/__UI/MainMenu.uexp" 650
"D:/GitHub/TechnicalDesignDocument-AIE/Antipode/Content/__Levels/MainMenu.uexp" 651
"D:/GitHub/TechnicalDesignDocument-AIE/Antipode/Content/__Levels/MainMenu.umap" 652
"D:/GitHub/TechnicalDesignDocument-AIE/Antipode/Content/__Levels/_GENERATED/User/CubeGridToolOutput_5D04931F.ubulk" 653
"D:/GitHub/TechnicalDesignDocument-AIE/Antipode/Content/__Levels/_GENERATED/User/CubeGridToolOutput_5D04931F.uasset" 654
"D:/GitHub/TechnicalDesignDocument-AIE/Antipode/Content/__Levels/_GENERATED/User/CubeGridToolOutput_5D04931F.uexp" 655
"D:/GitHub/TechnicalDesignDocument-AIE/Antipode/Content/__Font/TCMFont.uasset" 656
"D:/GitHub/TechnicalDesignDocument-AIE/Antipode/Content/__Font/TCMFont.uexp" 657
"D:/GitHub/TechnicalDesignDocument-AIE/Antipode/Content/FirstPerson/Blueprints/BP_FirstPersonGameMode.uasset" 658
"D:/GitHub/TechnicalDesignDocument-AIE/Antipode/Content/FirstPerson/Blueprints/BP_FirstPersonGameMode.uexp" 659
"D:/GitHub/TechnicalDesignDocument-AIE/Antipode/Content/__Levels/_GENERATED/User/CubeGridToolOutput_195782A5.ubulk" 660
"D:/GitHub/TechnicalDesignDocument-AIE/Antipode/Content/__Levels/_GENERATED/User/CubeGridToolOutput_195782A5.uasset" 661
"D:/GitHub/TechnicalDesignDocument-AIE/Antipode/Content/__Levels/_GENERATED/User/CubeGridToolOutput_195782A5.uexp" 662
"D:/GitHub/TechnicalDesignDocument-AIE/Antipode/Content/MarketPlace/B_WHighContrast.uasset" 663
"D:/GitHub/TechnicalDesignDocument-AIE/Antipode/Content/MarketPlace/B_WHighContrast.uexp" 664
"D:/GitHub/TechnicalDesignDocument-AIE/Antipode/Content/__Blueprints/StopTeleport.uasset" 665
"D:/GitHub/TechnicalDesignDocument-AIE/Antipode/Content/__Blueprints/StopTeleport.uexp" 666
"D:/GitHub/TechnicalDesignDocument-AIE/Antipode/Content/__Sound/Metal-door-closing-soft-impact-563.ubulk" 667
"D:/GitHub/TechnicalDesignDocument-AIE/Antipode/Content/__Sound/Metal-door-closing-soft-impact-563.uasset" 668
"D:/GitHub/TechnicalDesignDocument-AIE/Antipode/Content/__Sound/Metal-door-closing-soft-impact-563.uexp" 669
"../../../Engine/Content/BasicShapes/Cube.ubulk" 670
"../../../Engine/Content/BasicShapes/Cube.uasset" 671
"../../../Engine/Content/BasicShapes/Cube.uexp" 672
"../../../Engine/Content/MapTemplates/Materials/BasicAsset01.uasset" 673
"../../../Engine/Content/MapTemplates/Materials/BasicAsset01.uexp" 674
"D:/GitHub/TechnicalDesignDocument-AIE/Antipode/Content/__Sound/Scaling_Up.ubulk" 675
"D:/GitHub/TechnicalDesignDocument-AIE/Antipode/Content/__Sound/Scaling_Up.uasset" 676
"D:/GitHub/TechnicalDesignDocument-AIE/Antipode/Content/__Sound/Scaling_Up.uexp" 677
"D:/GitHub/TechnicalDesignDocument-AIE/Antipode/Content/__Sound/Scaling_Down.ubulk" 678
"D:/GitHub/TechnicalDesignDocument-AIE/Antipode/Content/__Sound/Scaling_Down.uasset" 679
"D:/GitHub/TechnicalDesignDocument-AIE/Antipode/Content/__Sound/Scaling_Down.uexp" 680
"../../../Engine/Content/BasicShapes/BasicShapeMaterial.uasset" 681
"../../../Engine/Content/BasicShapes/BasicShapeMaterial.uexp" 682
"D:/GitHub/TechnicalDesignDocument-AIE/Antipode/Content/__Blueprints/SlidingWall.uasset" 683
"D:/GitHub/TechnicalDesignDocument-AIE/Antipode/Content/__Blueprints/SlidingWall.uexp" 684
"D:/GitHub/TechnicalDesignDocument-AIE/Antipode/Content/__Materials/M_Floorswitch.uasset" 685
"D:/GitHub/TechnicalDesignDocument-AIE/Antipode/Content/__Materials/M_Floorswitch.uexp" 686
"D:/GitHub/TechnicalDesignDocument-AIE/Antipode/Content/__Models/FloorSwitch.ubulk" 687
"D:/GitHub/TechnicalDesignDocument-AIE/Antipode/Content/__Models/FloorSwitch.uasset" 688
"D:/GitHub/TechnicalDesignDocument-AIE/Antipode/Content/__Models/FloorSwitch.uexp" 689
"D:/GitHub/TechnicalDesignDocument-AIE/Antipode/Content/__Blueprints/FloorSwitch.uasset" 690
"D:/GitHub/TechnicalDesignDocument-AIE/Antipode/Content/__Blueprints/FloorSwitch.uexp" 691
"D:/GitHub/TechnicalDesignDocument-AIE/Antipode/Content/__UI/IngamePause.uasset" 692
"D:/GitHub/TechnicalDesignDocument-AIE/Antipode/Content/__UI/IngamePause.uexp" 693
"D:/GitHub/TechnicalDesignDocument-AIE/Antipode/Content/__Blueprints/LoadLevelActor.uasset" 694
"D:/GitHub/TechnicalDesignDocument-AIE/Antipode/Content/__Blueprints/LoadLevelActor.uexp" 695
"D:/GitHub/TechnicalDesignDocument-AIE/Antipode/Content/MarketPlace/ContrastD.uasset" 696
"D:/GitHub/TechnicalDesignDocument-AIE/Antipode/Content/MarketPlace/ContrastD.uexp" 697
"D:/GitHub/TechnicalDesignDocument-AIE/Antipode/Content/__Materials/Textures/1mCube/1mCube_lambert1_Normal.ubulk" 698
"D:/GitHub/TechnicalDesignDocument-AIE/Antipode/Content/__Materials/Textures/1mCube/1mCube_lambert1_Normal.uasset" 699
"D:/GitHub/TechnicalDesignDocument-AIE/Antipode/Content/__Materials/Textures/1mCube/1mCube_lambert1_Normal.uexp" 700
"D:/GitHub/TechnicalDesignDocument-AIE/Antipode/Content/__Materials/Textures/1mCube/1mCube_lambert1_OcclusionRoughnessMetallic.ubulk" 701
"D:/GitHub/TechnicalDesignDocument-AIE/Antipode/Content/__Materials/Textures/1mCube/1mCube_lambert1_OcclusionRoughnessMetallic.uasset" 702
"D:/GitHub/TechnicalDesignDocument-AIE/Antipode/Content/__Materials/Textures/1mCube/1mCube_lambert1_OcclusionRoughnessMetallic.uexp" 703
"D:/GitHub/TechnicalDesignDocument-AIE/Antipode/Content/__Materials/Textures/1mCube/1mCube_lambert1_BaseColor.ubulk" 704
"D:/GitHub/TechnicalDesignDocument-AIE/Antipode/Content/__Materials/Textures/1mCube/1mCube_lambert1_BaseColor.uasset" 705
"D:/GitHub/TechnicalDesignDocument-AIE/Antipode/Content/__Materials/Textures/1mCube/1mCube_lambert1_BaseColor.uexp" 706
"D:/GitHub/TechnicalDesignDocument-AIE/Antipode/Content/__Materials/M_1mCube.uasset" 707
"D:/GitHub/TechnicalDesignDocument-AIE/Antipode/Content/__Materials/M_1mCube.uexp" 708
"D:/GitHub/TechnicalDesignDocument-AIE/Antipode/Content/__Models/1mCube.ubulk" 709
"D:/GitHub/TechnicalDesignDocument-AIE/Antipode/Content/__Models/1mCube.uasset" 710
"D:/GitHub/TechnicalDesignDocument-AIE/Antipode/Content/__Models/1mCube.uexp" 711
"D:/GitHub/TechnicalDesignDocument-AIE/Antipode/Content/__Levels/Level3.uexp" 712
"D:/GitHub/TechnicalDesignDocument-AIE/Antipode/Content/__Levels/Level3.umap" 713
"D:/GitHub/TechnicalDesignDocument-AIE/Antipode/Content/__Levels/_GENERATED/User/CubeGridToolOutput_5D04931F_2.ubulk" 714
"D:/GitHub/TechnicalDesignDocument-AIE/Antipode/Content/__Levels/_GENERATED/User/CubeGridToolOutput_5D04931F_2.uasset" 715
"D:/GitHub/TechnicalDesignDocument-AIE/Antipode/Content/__Levels/_GENERATED/User/CubeGridToolOutput_5D04931F_2.uexp" 716
"D:/GitHub/TechnicalDesignDocument-AIE/Antipode/Content/__Levels/Level2.uexp" 717
"D:/GitHub/TechnicalDesignDocument-AIE/Antipode/Content/__Levels/Level2.umap" 718
"D:/GitHub/TechnicalDesignDocument-AIE/Antipode/Content/__Levels/Level1.uexp" 719
"D:/GitHub/TechnicalDesignDocument-AIE/Antipode/Content/__Levels/Level1.umap" 720
